<?xml version="1.0" encoding="UTF-8"?>
<!-- Generated by org.testng.reporters.JUnitReportReporter -->
<testsuite skipped="0" hostname="QTLSYS0-222" name="tests.QCStore" tests="1" failures="0" timestamp="16 Jun 2020 07:27:30 GMT" time="153.192" errors="0">
  <testcase name="B20_849_TS_3" time="153.192" classname="tests.QCStore"/>
</testsuite> <!-- tests.QCStore -->
